<?xml version="1.0" encoding="UTF-8" ?>
<testsuite tests="12" failures="3" name="com.example.objectpool.ObjectPoolImplTest" time="0.697" errors="0" skipped="0">
  <properties>
[...]
</properties>
  <testcase classname="com.example.objectpool.ObjectPoolImplTest" name="testFindByIdNotExistingUser" time="0.22"/>
  <testcase classname="com.example.objectpool.ObjectPoolImplTest" name="testCreateWithExistingEmail" time="0"/>
  <testcase classname="com.example.objectpool.ObjectPoolImplTest" name="testGetByIdNotExistingUser" time="0.001"/>
  <testcase classname="com.example.objectpool.ObjectPoolImplTest" name="testDeleteNotExistingUser" time="0.001"/>
  <testcase classname="com.example.objectpool.ObjectPoolImplTest" name="testUpdateWithExistingEmail" time="0.094"/>
  <testcase classname="com.example.objectpool.ObjectPoolImplTest" name="testGetById" time="0.074">
    <failure message="expected:&lt;User{id=&apos;640dfbe1-6430-4354-bc51-85c52d8b1eb6&apos;, email=&apos;fa8bfec6-f982-4a16-8f92-63c82158778a&apos;, firstName=&apos;1e6c78a7-b2bc-429d-beaf-1b332259bc83&apos;, lastName=&apos;18c41279-25cc-4db6-9c5d-1310c9e90452&apos;, created=Fri Jul 26 23:52:26 AMT 2019, updated=null, deleted=null}&gt; but was:&lt;User{id=&apos;640dfbe1-6430-4354-bc51-85c52d8b1eb6&apos;, email=&apos;fa8bfec6-f982-4a16-8f92-63c82158778a&apos;, firstName=&apos;1e6c78a7-b2bc-429d-beaf-1b332259bc83&apos;, lastName=&apos;18c41279-25cc-4db6-9c5d-1310c9e90452&apos;, created=2019-07-26 23:52:26.0, updated=null, deleted=null}&gt;" type="java.lang.AssertionError">java.lang.AssertionError: expected:&lt;User{id=&apos;640dfbe1-6430-4354-bc51-85c52d8b1eb6&apos;, email=&apos;fa8bfec6-f982-4a16-8f92-63c82158778a&apos;, firstName=&apos;1e6c78a7-b2bc-429d-beaf-1b332259bc83&apos;, lastName=&apos;18c41279-25cc-4db6-9c5d-1310c9e90452&apos;, created=Fri Jul 26 23:52:26 AMT 2019, updated=null, deleted=null}&gt; but was:&lt;User{id=&apos;640dfbe1-6430-4354-bc51-85c52d8b1eb6&apos;, email=&apos;fa8bfec6-f982-4a16-8f92-63c82158778a&apos;, firstName=&apos;1e6c78a7-b2bc-429d-beaf-1b332259bc83&apos;, lastName=&apos;18c41279-25cc-4db6-9c5d-1310c9e90452&apos;, created=2019-07-26 23:52:26.0, updated=null, deleted=null}&gt;
	at org.junit.Assert.fail(Assert.java:74)
	at org.junit.Assert.failNotEquals(Assert.java:448)
	at org.junit.Assert.assertEquals(Assert.java:102)
	at org.junit.Assert.assertEquals(Assert.java:117)
	at com.example.objectpool.ObjectPoolImplTest.testGetById(ObjectPoolImplTest.java:143)
	at sun.reflect.NativeMethodAccessorImpl.invoke0(Native Method)
	at sun.reflect.NativeMethodAccessorImpl.invoke(NativeMethodAccessorImpl.java:62)
	at sun.reflect.DelegatingMethodAccessorImpl.invoke(DelegatingMethodAccessorImpl.java:43)
	at java.lang.reflect.Method.invoke(Method.java:498)
	at org.junit.internal.runners.TestMethod.invoke(TestMethod.java:59)
	at org.junit.internal.runners.MethodRoadie.runTestMethod(MethodRoadie.java:98)
	at org.junit.internal.runners.MethodRoadie$2.run(MethodRoadie.java:79)
	at org.junit.internal.runners.MethodRoadie.runBeforesThenTestThenAfters(MethodRoadie.java:87)
	at org.junit.internal.runners.MethodRoadie.runTest(MethodRoadie.java:77)
	at org.junit.internal.runners.MethodRoadie.run(MethodRoadie.java:42)
	at org.junit.internal.runners.JUnit4ClassRunner.invokeTestMethod(JUnit4ClassRunner.java:88)
	at org.junit.internal.runners.JUnit4ClassRunner.runMethods(JUnit4ClassRunner.java:51)
	at org.junit.internal.runners.JUnit4ClassRunner$1.run(JUnit4ClassRunner.java:44)
	at org.junit.internal.runners.ClassRoadie.runUnprotected(ClassRoadie.java:27)
	at org.junit.internal.runners.ClassRoadie.runProtected(ClassRoadie.java:37)
	at org.junit.internal.runners.JUnit4ClassRunner.run(JUnit4ClassRunner.java:42)
	at org.apache.maven.surefire.junit4.JUnit4Provider.execute(JUnit4Provider.java:252)
	at org.apache.maven.surefire.junit4.JUnit4Provider.executeTestSet(JUnit4Provider.java:141)
	at org.apache.maven.surefire.junit4.JUnit4Provider.invoke(JUnit4Provider.java:112)
	at sun.reflect.NativeMethodAccessorImpl.invoke0(Native Method)
	at sun.reflect.NativeMethodAccessorImpl.invoke(NativeMethodAccessorImpl.java:62)
	at sun.reflect.DelegatingMethodAccessorImpl.invoke(DelegatingMethodAccessorImpl.java:43)
	at java.lang.reflect.Method.invoke(Method.java:498)
	at org.apache.maven.surefire.util.ReflectionUtils.invokeMethodWithArray(ReflectionUtils.java:189)
	at org.apache.maven.surefire.booter.ProviderFactory$ProviderProxy.invoke(ProviderFactory.java:165)
	at org.apache.maven.surefire.booter.ProviderFactory.invokeProvider(ProviderFactory.java:85)
	at org.apache.maven.surefire.booter.ForkedBooter.runSuitesInProcess(ForkedBooter.java:115)
	at org.apache.maven.surefire.booter.ForkedBooter.main(ForkedBooter.java:75)
</failure>
  </testcase>
  <testcase classname="com.example.objectpool.ObjectPoolImplTest" name="testFindById" time="0.032">
    <failure message="expected:&lt;User{id=&apos;ea04a3de-2800-46f3-8503-50ae18ac3687&apos;, email=&apos;b74a6ad0-231a-47c4-b9c4-2f3105a17f2e&apos;, firstName=&apos;5039c60f-7835-4c4f-bea8-0051969e811f&apos;, lastName=&apos;63345916-58a3-4321-abe8-9cde88596203&apos;, created=Fri Jul 26 23:52:26 AMT 2019, updated=null, deleted=null}&gt; but was:&lt;User{id=&apos;ea04a3de-2800-46f3-8503-50ae18ac3687&apos;, email=&apos;b74a6ad0-231a-47c4-b9c4-2f3105a17f2e&apos;, firstName=&apos;5039c60f-7835-4c4f-bea8-0051969e811f&apos;, lastName=&apos;63345916-58a3-4321-abe8-9cde88596203&apos;, created=2019-07-26 23:52:26.0, updated=null, deleted=null}&gt;" type="java.lang.AssertionError">java.lang.AssertionError: expected:&lt;User{id=&apos;ea04a3de-2800-46f3-8503-50ae18ac3687&apos;, email=&apos;b74a6ad0-231a-47c4-b9c4-2f3105a17f2e&apos;, firstName=&apos;5039c60f-7835-4c4f-bea8-0051969e811f&apos;, lastName=&apos;63345916-58a3-4321-abe8-9cde88596203&apos;, created=Fri Jul 26 23:52:26 AMT 2019, updated=null, deleted=null}&gt; but was:&lt;User{id=&apos;ea04a3de-2800-46f3-8503-50ae18ac3687&apos;, email=&apos;b74a6ad0-231a-47c4-b9c4-2f3105a17f2e&apos;, firstName=&apos;5039c60f-7835-4c4f-bea8-0051969e811f&apos;, lastName=&apos;63345916-58a3-4321-abe8-9cde88596203&apos;, created=2019-07-26 23:52:26.0, updated=null, deleted=null}&gt;
	at org.junit.Assert.fail(Assert.java:74)
	at org.junit.Assert.failNotEquals(Assert.java:448)
	at org.junit.Assert.assertEquals(Assert.java:102)
	at org.junit.Assert.assertEquals(Assert.java:117)
	at com.example.objectpool.ObjectPoolImplTest.testFindById(ObjectPoolImplTest.java:125)
	at sun.reflect.NativeMethodAccessorImpl.invoke0(Native Method)
	at sun.reflect.NativeMethodAccessorImpl.invoke(NativeMethodAccessorImpl.java:62)
	at sun.reflect.DelegatingMethodAccessorImpl.invoke(DelegatingMethodAccessorImpl.java:43)
	at java.lang.reflect.Method.invoke(Method.java:498)
	at org.junit.internal.runners.TestMethod.invoke(TestMethod.java:59)
	at org.junit.internal.runners.MethodRoadie.runTestMethod(MethodRoadie.java:98)
	at org.junit.internal.runners.MethodRoadie$2.run(MethodRoadie.java:79)
	at org.junit.internal.runners.MethodRoadie.runBeforesThenTestThenAfters(MethodRoadie.java:87)
	at org.junit.internal.runners.MethodRoadie.runTest(MethodRoadie.java:77)
	at org.junit.internal.runners.MethodRoadie.run(MethodRoadie.java:42)
	at org.junit.internal.runners.JUnit4ClassRunner.invokeTestMethod(JUnit4ClassRunner.java:88)
	at org.junit.internal.runners.JUnit4ClassRunner.runMethods(JUnit4ClassRunner.java:51)
	at org.junit.internal.runners.JUnit4ClassRunner$1.run(JUnit4ClassRunner.java:44)
	at org.junit.internal.runners.ClassRoadie.runUnprotected(ClassRoadie.java:27)
	at org.junit.internal.runners.ClassRoadie.runProtected(ClassRoadie.java:37)
	at org.junit.internal.runners.JUnit4ClassRunner.run(JUnit4ClassRunner.java:42)
	at org.apache.maven.surefire.junit4.JUnit4Provider.execute(JUnit4Provider.java:252)
	at org.apache.maven.surefire.junit4.JUnit4Provider.executeTestSet(JUnit4Provider.java:141)
	at org.apache.maven.surefire.junit4.JUnit4Provider.invoke(JUnit4Provider.java:112)
	at sun.reflect.NativeMethodAccessorImpl.invoke0(Native Method)
	at sun.reflect.NativeMethodAccessorImpl.invoke(NativeMethodAccessorImpl.java:62)
	at sun.reflect.DelegatingMethodAccessorImpl.invoke(DelegatingMethodAccessorImpl.java:43)
	at java.lang.reflect.Method.invoke(Method.java:498)
	at org.apache.maven.surefire.util.ReflectionUtils.invokeMethodWithArray(ReflectionUtils.java:189)
	at org.apache.maven.surefire.booter.ProviderFactory$ProviderProxy.invoke(ProviderFactory.java:165)
	at org.apache.maven.surefire.booter.ProviderFactory.invokeProvider(ProviderFactory.java:85)
	at org.apache.maven.surefire.booter.ForkedBooter.runSuitesInProcess(ForkedBooter.java:115)
	at org.apache.maven.surefire.booter.ForkedBooter.main(ForkedBooter.java:75)
</failure>
  </testcase>
  <testcase classname="com.example.objectpool.ObjectPoolImplTest" name="testGetAll" time="0.047"/>
  <testcase classname="com.example.objectpool.ObjectPoolImplTest" name="testExistByEmail" time="0.036"/>
  <testcase classname="com.example.objectpool.ObjectPoolImplTest" name="testCreate" time="0.036"/>
  <testcase classname="com.example.objectpool.ObjectPoolImplTest" name="testUpdate" time="0.079">
    <failure message="expected:&lt;Fri Jul 26 23:52:26 AMT 2019&gt; but was:&lt;2019-07-26 23:52:26.0&gt;" type="java.lang.AssertionError">java.lang.AssertionError: expected:&lt;Fri Jul 26 23:52:26 AMT 2019&gt; but was:&lt;2019-07-26 23:52:26.0&gt;
	at org.junit.Assert.fail(Assert.java:74)
	at org.junit.Assert.failNotEquals(Assert.java:448)
	at org.junit.Assert.assertEquals(Assert.java:102)
	at org.junit.Assert.assertEquals(Assert.java:117)
	at com.example.objectpool.ObjectPoolImplTest.testUpdate(ObjectPoolImplTest.java:86)
	at sun.reflect.NativeMethodAccessorImpl.invoke0(Native Method)
	at sun.reflect.NativeMethodAccessorImpl.invoke(NativeMethodAccessorImpl.java:62)
	at sun.reflect.DelegatingMethodAccessorImpl.invoke(DelegatingMethodAccessorImpl.java:43)
	at java.lang.reflect.Method.invoke(Method.java:498)
	at org.junit.internal.runners.TestMethod.invoke(TestMethod.java:59)
	at org.junit.internal.runners.MethodRoadie.runTestMethod(MethodRoadie.java:98)
	at org.junit.internal.runners.MethodRoadie$2.run(MethodRoadie.java:79)
	at org.junit.internal.runners.MethodRoadie.runBeforesThenTestThenAfters(MethodRoadie.java:87)
	at org.junit.internal.runners.MethodRoadie.runTest(MethodRoadie.java:77)
	at org.junit.internal.runners.MethodRoadie.run(MethodRoadie.java:42)
	at org.junit.internal.runners.JUnit4ClassRunner.invokeTestMethod(JUnit4ClassRunner.java:88)
	at org.junit.internal.runners.JUnit4ClassRunner.runMethods(JUnit4ClassRunner.java:51)
	at org.junit.internal.runners.JUnit4ClassRunner$1.run(JUnit4ClassRunner.java:44)
	at org.junit.internal.runners.ClassRoadie.runUnprotected(ClassRoadie.java:27)
	at org.junit.internal.runners.ClassRoadie.runProtected(ClassRoadie.java:37)
	at org.junit.internal.runners.JUnit4ClassRunner.run(JUnit4ClassRunner.java:42)
	at org.apache.maven.surefire.junit4.JUnit4Provider.execute(JUnit4Provider.java:252)
	at org.apache.maven.surefire.junit4.JUnit4Provider.executeTestSet(JUnit4Provider.java:141)
	at org.apache.maven.surefire.junit4.JUnit4Provider.invoke(JUnit4Provider.java:112)
	at sun.reflect.NativeMethodAccessorImpl.invoke0(Native Method)
	at sun.reflect.NativeMethodAccessorImpl.invoke(NativeMethodAccessorImpl.java:62)
	at sun.reflect.DelegatingMethodAccessorImpl.invoke(DelegatingMethodAccessorImpl.java:43)
	at java.lang.reflect.Method.invoke(Method.java:498)
	at org.apache.maven.surefire.util.ReflectionUtils.invokeMethodWithArray(ReflectionUtils.java:189)
	at org.apache.maven.surefire.booter.ProviderFactory$ProviderProxy.invoke(ProviderFactory.java:165)
	at org.apache.maven.surefire.booter.ProviderFactory.invokeProvider(ProviderFactory.java:85)
	at org.apache.maven.surefire.booter.ForkedBooter.runSuitesInProcess(ForkedBooter.java:115)
	at org.apache.maven.surefire.booter.ForkedBooter.main(ForkedBooter.java:75)
</failure>
  </testcase>
  <testcase classname="com.example.objectpool.ObjectPoolImplTest" name="testDelete" time="0.077"/>
</testsuite>